mode: atomic
github.com/micro/mu/templates/templates.go:4.28,11.2 1 0
github.com/micro/mu/templates/templates.go:13.28,22.2 1 0
github.com/micro/mu/templates/templates.go:24.29,34.2 1 0
github.com/micro/mu/templates/templates.go:36.31,43.2 1 0
github.com/micro/mu/templates/templates.go:45.31,72.2 1 0
github.com/micro/mu/templates/templates.go:74.38,88.2 1 0
github.com/micro/mu/templates/templates.go:90.37,127.2 1 0
github.com/micro/mu/generate.go:19.59,22.16 2 0
github.com/micro/mu/generate.go:22.16,24.3 1 0
github.com/micro/mu/generate.go:25.2,28.8 1 0
github.com/micro/mu/generate.go:31.38,33.16 2 0
github.com/micro/mu/generate.go:33.16,35.3 1 0
github.com/micro/mu/generate.go:36.2,37.16 2 0
github.com/micro/mu/generate.go:37.16,39.3 1 0
github.com/micro/mu/generate.go:40.2,41.16 2 0
github.com/micro/mu/generate.go:41.16,43.3 1 0
github.com/micro/mu/generate.go:44.2,45.16 2 0
github.com/micro/mu/generate.go:45.16,47.3 1 0
github.com/micro/mu/generate.go:48.2,49.16 2 0
github.com/micro/mu/generate.go:49.16,51.3 1 0
github.com/micro/mu/generate.go:52.2,52.12 1 0
github.com/micro/mu/generate.go:55.43,61.16 6 0
github.com/micro/mu/generate.go:61.16,63.3 1 0
github.com/micro/mu/generate.go:65.2,65.12 1 0
github.com/micro/mu/generate.go:68.43,71.54 2 0
github.com/micro/mu/generate.go:71.54,73.17 2 0
github.com/micro/mu/generate.go:73.17,75.4 1 0
github.com/micro/mu/generate.go:77.2,78.16 2 0
github.com/micro/mu/generate.go:78.16,80.3 1 0
github.com/micro/mu/generate.go:81.2,90.16 5 0
github.com/micro/mu/generate.go:90.16,92.3 1 0
github.com/micro/mu/generate.go:94.2,94.12 1 0
github.com/micro/mu/generate.go:97.34,103.16 6 0
github.com/micro/mu/generate.go:103.16,105.3 1 0
github.com/micro/mu/generate.go:107.2,112.16 6 0
github.com/micro/mu/generate.go:112.16,114.3 1 0
github.com/micro/mu/generate.go:116.2,116.12 1 0
github.com/micro/mu/generate.go:119.43,121.23 2 0
github.com/micro/mu/generate.go:121.23,124.54 2 0
github.com/micro/mu/generate.go:124.54,126.18 2 0
github.com/micro/mu/generate.go:126.18,128.5 1 0
github.com/micro/mu/generate.go:130.3,131.17 2 0
github.com/micro/mu/generate.go:131.17,133.4 1 0
github.com/micro/mu/generate.go:134.3,138.17 4 0
github.com/micro/mu/generate.go:138.17,140.4 1 0
github.com/micro/mu/generate.go:142.2,143.23 2 0
github.com/micro/mu/generate.go:143.23,146.54 2 0
github.com/micro/mu/generate.go:146.54,148.18 2 0
github.com/micro/mu/generate.go:148.18,150.5 1 0
github.com/micro/mu/generate.go:152.3,153.17 2 0
github.com/micro/mu/generate.go:153.17,155.4 1 0
github.com/micro/mu/generate.go:156.3,160.17 4 0
github.com/micro/mu/generate.go:160.17,162.4 1 0
github.com/micro/mu/generate.go:164.2,164.12 1 0
github.com/micro/mu/generate.go:167.45,169.23 2 0
github.com/micro/mu/generate.go:169.23,172.56 2 0
github.com/micro/mu/generate.go:172.56,174.18 2 0
github.com/micro/mu/generate.go:174.18,176.5 1 0
github.com/micro/mu/generate.go:178.3,179.17 2 0
github.com/micro/mu/generate.go:179.17,181.4 1 0
github.com/micro/mu/generate.go:182.3,189.17 4 0
github.com/micro/mu/generate.go:189.17,191.4 1 0
github.com/micro/mu/generate.go:192.3,193.17 2 0
github.com/micro/mu/generate.go:193.17,195.4 1 0
github.com/micro/mu/generate.go:196.3,201.17 4 0
github.com/micro/mu/generate.go:201.17,203.4 1 0
github.com/micro/mu/generate.go:204.3,205.56 2 0
github.com/micro/mu/generate.go:205.56,207.18 2 0
github.com/micro/mu/generate.go:207.18,209.5 1 0
github.com/micro/mu/generate.go:211.3,212.17 2 0
github.com/micro/mu/generate.go:212.17,214.4 1 0
github.com/micro/mu/generate.go:215.3,223.17 4 0
github.com/micro/mu/generate.go:223.17,225.4 1 0
github.com/micro/mu/generate.go:226.3,226.33 1 0
github.com/micro/mu/generate.go:226.33,228.18 2 0
github.com/micro/mu/generate.go:228.18,230.5 1 0
github.com/micro/mu/generate.go:231.4,239.18 4 0
github.com/micro/mu/generate.go:239.18,241.5 1 0
github.com/micro/mu/generate.go:244.2,244.12 1 0
github.com/micro/mu/main.go:17.39,19.13 2 0
github.com/micro/mu/main.go:19.13,21.3 1 0
github.com/micro/mu/main.go:24.2,25.16 2 0
github.com/micro/mu/main.go:25.16,27.3 1 0
github.com/micro/mu/main.go:28.2,29.16 2 0
github.com/micro/mu/main.go:29.16,31.3 1 0
github.com/micro/mu/main.go:32.2,33.16 2 0
github.com/micro/mu/main.go:33.16,35.3 1 0
github.com/micro/mu/main.go:36.2,36.37 1 0
github.com/micro/mu/main.go:36.37,38.3 1 0
github.com/micro/mu/main.go:39.2,39.12 1 0
github.com/micro/mu/main.go:42.13,50.2 2 0
github.com/micro/mu/pluginmap.go:39.46,48.22 8 0
github.com/micro/mu/pluginmap.go:48.22,51.46 3 0
github.com/micro/mu/pluginmap.go:51.46,53.4 1 0
github.com/micro/mu/pluginmap.go:55.2,55.24 1 0
github.com/micro/mu/pluginmap.go:55.24,59.48 3 0
github.com/micro/mu/pluginmap.go:59.48,61.4 1 0
github.com/micro/mu/pluginmap.go:63.2,63.25 1 0
github.com/micro/mu/pluginmap.go:63.25,67.49 3 0
github.com/micro/mu/pluginmap.go:67.49,69.4 1 0
github.com/micro/mu/pluginmap.go:71.2,71.24 1 0
github.com/micro/mu/pluginmap.go:71.24,75.48 3 0
github.com/micro/mu/pluginmap.go:75.48,77.4 1 0
github.com/micro/mu/pluginmap.go:79.2,79.22 1 0
github.com/micro/mu/pluginmap.go:79.22,82.46 3 0
github.com/micro/mu/pluginmap.go:82.46,84.4 1 0
github.com/micro/mu/pluginmap.go:86.2,87.16 2 0
github.com/micro/mu/generate.go:19.59,22.16 2 0
github.com/micro/mu/generate.go:22.16,24.3 1 0
github.com/micro/mu/generate.go:25.2,28.8 1 0
github.com/micro/mu/generate.go:31.38,33.16 2 0
github.com/micro/mu/generate.go:33.16,35.3 1 0
github.com/micro/mu/generate.go:36.2,37.16 2 0
github.com/micro/mu/generate.go:37.16,39.3 1 0
github.com/micro/mu/generate.go:40.2,41.16 2 0
github.com/micro/mu/generate.go:41.16,43.3 1 0
github.com/micro/mu/generate.go:44.2,45.16 2 0
github.com/micro/mu/generate.go:45.16,47.3 1 0
github.com/micro/mu/generate.go:48.2,49.16 2 0
github.com/micro/mu/generate.go:49.16,51.3 1 0
github.com/micro/mu/generate.go:52.2,52.12 1 0
github.com/micro/mu/generate.go:55.43,61.16 6 0
github.com/micro/mu/generate.go:61.16,63.3 1 0
github.com/micro/mu/generate.go:65.2,65.12 1 0
github.com/micro/mu/generate.go:68.43,71.54 2 0
github.com/micro/mu/generate.go:71.54,73.17 2 0
github.com/micro/mu/generate.go:73.17,75.4 1 0
github.com/micro/mu/generate.go:77.2,78.16 2 0
github.com/micro/mu/generate.go:78.16,80.3 1 0
github.com/micro/mu/generate.go:81.2,90.16 5 0
github.com/micro/mu/generate.go:90.16,92.3 1 0
github.com/micro/mu/generate.go:94.2,94.12 1 0
github.com/micro/mu/generate.go:97.34,103.16 6 0
github.com/micro/mu/generate.go:103.16,105.3 1 0
github.com/micro/mu/generate.go:107.2,112.16 6 0
github.com/micro/mu/generate.go:112.16,114.3 1 0
github.com/micro/mu/generate.go:116.2,116.12 1 0
github.com/micro/mu/generate.go:119.43,121.23 2 0
github.com/micro/mu/generate.go:121.23,124.54 2 0
github.com/micro/mu/generate.go:124.54,126.18 2 0
github.com/micro/mu/generate.go:126.18,128.5 1 0
github.com/micro/mu/generate.go:130.3,131.17 2 0
github.com/micro/mu/generate.go:131.17,133.4 1 0
github.com/micro/mu/generate.go:134.3,138.17 4 0
github.com/micro/mu/generate.go:138.17,140.4 1 0
github.com/micro/mu/generate.go:142.2,143.23 2 0
github.com/micro/mu/generate.go:143.23,146.54 2 0
github.com/micro/mu/generate.go:146.54,148.18 2 0
github.com/micro/mu/generate.go:148.18,150.5 1 0
github.com/micro/mu/generate.go:152.3,153.17 2 0
github.com/micro/mu/generate.go:153.17,155.4 1 0
github.com/micro/mu/generate.go:156.3,160.17 4 0
github.com/micro/mu/generate.go:160.17,162.4 1 0
github.com/micro/mu/generate.go:164.2,164.12 1 0
github.com/micro/mu/generate.go:167.45,169.23 2 0
github.com/micro/mu/generate.go:169.23,172.56 2 0
github.com/micro/mu/generate.go:172.56,174.18 2 0
github.com/micro/mu/generate.go:174.18,176.5 1 0
github.com/micro/mu/generate.go:178.3,179.17 2 0
github.com/micro/mu/generate.go:179.17,181.4 1 0
github.com/micro/mu/generate.go:182.3,189.17 4 0
github.com/micro/mu/generate.go:189.17,191.4 1 0
github.com/micro/mu/generate.go:192.3,193.17 2 0
github.com/micro/mu/generate.go:193.17,195.4 1 0
github.com/micro/mu/generate.go:196.3,201.17 4 0
github.com/micro/mu/generate.go:201.17,203.4 1 0
github.com/micro/mu/generate.go:204.3,205.56 2 0
github.com/micro/mu/generate.go:205.56,207.18 2 0
github.com/micro/mu/generate.go:207.18,209.5 1 0
github.com/micro/mu/generate.go:211.3,212.17 2 0
github.com/micro/mu/generate.go:212.17,214.4 1 0
github.com/micro/mu/generate.go:215.3,223.17 4 0
github.com/micro/mu/generate.go:223.17,225.4 1 0
github.com/micro/mu/generate.go:226.3,226.33 1 0
github.com/micro/mu/generate.go:226.33,228.18 2 0
github.com/micro/mu/generate.go:228.18,230.5 1 0
github.com/micro/mu/generate.go:231.4,239.18 4 0
github.com/micro/mu/generate.go:239.18,241.5 1 0
github.com/micro/mu/generate.go:244.2,244.12 1 0
github.com/micro/mu/main.go:17.39,19.13 2 0
github.com/micro/mu/main.go:19.13,21.3 1 0
github.com/micro/mu/main.go:24.2,25.16 2 0
github.com/micro/mu/main.go:25.16,27.3 1 0
github.com/micro/mu/main.go:28.2,29.16 2 0
github.com/micro/mu/main.go:29.16,31.3 1 0
github.com/micro/mu/main.go:32.2,33.16 2 0
github.com/micro/mu/main.go:33.16,35.3 1 0
github.com/micro/mu/main.go:36.2,36.37 1 0
github.com/micro/mu/main.go:36.37,38.3 1 0
github.com/micro/mu/main.go:39.2,39.12 1 0
github.com/micro/mu/main.go:42.13,50.2 2 0
github.com/micro/mu/pluginmap.go:39.46,48.22 8 0
github.com/micro/mu/pluginmap.go:48.22,51.46 3 0
github.com/micro/mu/pluginmap.go:51.46,53.4 1 0
github.com/micro/mu/pluginmap.go:55.2,55.24 1 0
github.com/micro/mu/pluginmap.go:55.24,59.48 3 0
github.com/micro/mu/pluginmap.go:59.48,61.4 1 0
github.com/micro/mu/pluginmap.go:63.2,63.25 1 0
github.com/micro/mu/pluginmap.go:63.25,67.49 3 0
github.com/micro/mu/pluginmap.go:67.49,69.4 1 0
github.com/micro/mu/pluginmap.go:71.2,71.24 1 0
github.com/micro/mu/pluginmap.go:71.24,75.48 3 0
github.com/micro/mu/pluginmap.go:75.48,77.4 1 0
github.com/micro/mu/pluginmap.go:79.2,79.22 1 0
github.com/micro/mu/pluginmap.go:79.22,82.46 3 0
github.com/micro/mu/pluginmap.go:82.46,84.4 1 0
github.com/micro/mu/pluginmap.go:86.2,87.16 2 0
github.com/micro/mu/mucl/definition.go:5.39,6.14 1 0
github.com/micro/mu/mucl/definition.go:6.14,8.3 1 0
github.com/micro/mu/mucl/definition.go:9.2,9.34 1 0
github.com/micro/mu/mucl/definition.go:9.34,10.26 1 0
github.com/micro/mu/mucl/definition.go:10.26,12.4 1 0
github.com/micro/mu/mucl/definition.go:14.2,14.11 1 0
github.com/micro/mu/mucl/definition.go:17.43,18.14 1 0
github.com/micro/mu/mucl/definition.go:18.14,20.3 1 0
github.com/micro/mu/mucl/definition.go:21.2,21.34 1 0
github.com/micro/mu/mucl/definition.go:21.34,22.27 1 0
github.com/micro/mu/mucl/definition.go:22.27,24.4 1 0
github.com/micro/mu/mucl/definition.go:26.2,26.11 1 0
github.com/micro/mu/mucl/definition.go:29.41,30.14 1 0
github.com/micro/mu/mucl/definition.go:30.14,32.3 1 0
github.com/micro/mu/mucl/definition.go:33.2,33.34 1 0
github.com/micro/mu/mucl/definition.go:33.34,34.27 1 0
github.com/micro/mu/mucl/definition.go:34.27,36.4 1 0
github.com/micro/mu/mucl/definition.go:38.2,38.12 1 0
github.com/micro/mu/mucl/definition.go:41.38,42.14 1 0
github.com/micro/mu/mucl/definition.go:42.14,44.3 1 0
github.com/micro/mu/mucl/definition.go:45.2,45.34 1 0
github.com/micro/mu/mucl/definition.go:45.34,46.25 1 0
github.com/micro/mu/mucl/definition.go:46.25,48.4 1 0
github.com/micro/mu/mucl/definition.go:50.2,50.11 1 0
github.com/micro/mu/mucl/definition.go:53.44,54.14 1 0
github.com/micro/mu/mucl/definition.go:54.14,56.3 1 0
github.com/micro/mu/mucl/definition.go:57.2,58.34 2 0
github.com/micro/mu/mucl/definition.go:58.34,59.27 1 0
github.com/micro/mu/mucl/definition.go:59.27,61.4 1 0
github.com/micro/mu/mucl/definition.go:63.2,63.17 1 0
github.com/micro/mu/mucl/definition.go:66.42,67.14 1 0
github.com/micro/mu/mucl/definition.go:67.14,69.3 1 0
github.com/micro/mu/mucl/definition.go:70.2,71.34 2 0
github.com/micro/mu/mucl/definition.go:71.34,72.26 1 0
github.com/micro/mu/mucl/definition.go:72.26,74.4 1 0
github.com/micro/mu/mucl/definition.go:76.2,76.16 1 0
github.com/micro/mu/mucl/definition.go:79.38,80.14 1 0
github.com/micro/mu/mucl/definition.go:80.14,82.3 1 0
github.com/micro/mu/mucl/definition.go:83.2,84.34 2 0
github.com/micro/mu/mucl/definition.go:84.34,85.24 1 0
github.com/micro/mu/mucl/definition.go:85.24,87.4 1 0
github.com/micro/mu/mucl/definition.go:89.2,89.14 1 0
github.com/micro/mu/mucl/enum.go:5.34,6.14 1 0
github.com/micro/mu/mucl/enum.go:6.14,8.3 1 0
github.com/micro/mu/mucl/enum.go:9.2,9.40 1 0
github.com/micro/mu/mucl/enum.go:12.43,13.14 1 0
github.com/micro/mu/mucl/enum.go:13.14,15.3 1 0
github.com/micro/mu/mucl/enum.go:16.2,16.17 1 0
github.com/micro/mu/mucl/enum.go:16.17,18.3 1 0
github.com/micro/mu/mucl/enum.go:19.2,19.31 1 0
github.com/micro/mu/mucl/field.go:5.39,6.14 1 0
github.com/micro/mu/mucl/field.go:6.14,8.3 1 0
github.com/micro/mu/mucl/field.go:9.2,9.18 1 0
github.com/micro/mu/mucl/field.go:9.18,11.3 1 0
github.com/micro/mu/mucl/field.go:12.2,12.32 1 0
github.com/micro/mu/mucl/message.go:5.37,6.14 1 0
github.com/micro/mu/mucl/message.go:6.14,8.3 1 0
github.com/micro/mu/mucl/message.go:9.2,9.40 1 0
github.com/micro/mu/mucl/message.go:12.37,13.14 1 0
github.com/micro/mu/mucl/message.go:13.14,15.3 1 0
github.com/micro/mu/mucl/message.go:16.2,17.34 2 0
github.com/micro/mu/mucl/message.go:17.34,18.25 1 0
github.com/micro/mu/mucl/message.go:18.25,20.4 1 0
github.com/micro/mu/mucl/message.go:22.2,22.15 1 0
github.com/micro/mu/mucl/message.go:25.35,26.14 1 0
github.com/micro/mu/mucl/message.go:26.14,28.3 1 0
github.com/micro/mu/mucl/message.go:29.2,30.34 2 0
github.com/micro/mu/mucl/message.go:30.34,31.24 1 0
github.com/micro/mu/mucl/message.go:31.24,33.4 1 0
github.com/micro/mu/mucl/message.go:35.2,35.14 1 0
github.com/micro/mu/mucl/message.go:38.37,39.14 1 0
github.com/micro/mu/mucl/message.go:39.14,41.3 1 0
github.com/micro/mu/mucl/message.go:42.2,43.34 2 0
github.com/micro/mu/mucl/message.go:43.34,44.25 1 0
github.com/micro/mu/mucl/message.go:44.25,46.4 1 0
github.com/micro/mu/mucl/message.go:48.2,48.15 1 0
github.com/micro/mu/mucl/message.go:51.39,52.14 1 0
github.com/micro/mu/mucl/message.go:52.14,54.3 1 0
github.com/micro/mu/mucl/message.go:55.2,56.34 2 0
github.com/micro/mu/mucl/message.go:56.34,57.26 1 0
github.com/micro/mu/mucl/message.go:57.26,59.4 1 0
github.com/micro/mu/mucl/message.go:61.2,61.16 1 0
github.com/micro/mu/mucl/message.go:64.42,65.14 1 0
github.com/micro/mu/mucl/message.go:65.14,67.3 1 0
github.com/micro/mu/mucl/message.go:68.2,69.34 2 0
github.com/micro/mu/mucl/message.go:69.34,70.28 1 0
github.com/micro/mu/mucl/message.go:70.28,72.4 1 0
github.com/micro/mu/mucl/message.go:74.2,74.17 1 0
github.com/micro/mu/mucl/message.go:77.46,78.14 1 0
github.com/micro/mu/mucl/message.go:78.14,80.3 1 0
github.com/micro/mu/mucl/message.go:81.2,82.34 2 0
github.com/micro/mu/mucl/message.go:82.34,83.30 1 0
github.com/micro/mu/mucl/message.go:83.30,85.4 1 0
github.com/micro/mu/mucl/message.go:87.2,87.19 1 0
github.com/micro/mu/mucl/message.go:90.38,91.14 1 0
github.com/micro/mu/mucl/message.go:91.14,93.3 1 0
github.com/micro/mu/mucl/message.go:94.2,95.34 2 0
github.com/micro/mu/mucl/message.go:95.34,96.26 1 0
github.com/micro/mu/mucl/message.go:96.26,98.4 1 0
github.com/micro/mu/mucl/message.go:100.2,100.16 1 0
github.com/micro/mu/mucl/method.go:5.36,6.14 1 0
github.com/micro/mu/mucl/method.go:6.14,8.3 1 0
github.com/micro/mu/mucl/method.go:9.2,9.40 1 0
github.com/micro/mu/mucl/mucl.go:258.35,258.63 1 0
github.com/micro/mu/mucl/mucl.go:266.55,269.9 3 7
github.com/micro/mu/mucl/mucl.go:269.9,271.3 1 3
github.com/micro/mu/mucl/mucl.go:272.2,274.12 3 4
github.com/micro/mu/mucl/server.go:9.36,10.14 1 0
github.com/micro/mu/mucl/server.go:10.14,12.3 1 0
github.com/micro/mu/mucl/server.go:13.2,13.47 1 0
github.com/micro/mu/mucl/server.go:16.41,17.14 1 0
github.com/micro/mu/mucl/server.go:17.14,19.3 1 0
github.com/micro/mu/mucl/server.go:20.2,20.32 1 0
github.com/micro/mu/mucl/server.go:23.42,24.14 1 0
github.com/micro/mu/mucl/server.go:24.14,26.3 1 0
github.com/micro/mu/mucl/server.go:27.2,27.52 1 0
github.com/micro/mu/mucl/server.go:30.44,31.14 1 0
github.com/micro/mu/mucl/server.go:31.14,33.3 1 0
github.com/micro/mu/mucl/server.go:34.2,34.37 1 0
github.com/micro/mu/mucl/server.go:37.38,38.14 1 0
github.com/micro/mu/mucl/server.go:38.14,40.3 1 0
github.com/micro/mu/mucl/server.go:41.2,42.32 2 0
github.com/micro/mu/mucl/server.go:42.32,43.26 1 0
github.com/micro/mu/mucl/server.go:43.26,45.4 1 0
github.com/micro/mu/mucl/server.go:47.2,47.16 1 0
github.com/micro/mu/mucl/service.go:3.35,4.14 1 0
github.com/micro/mu/mucl/service.go:4.14,6.3 1 0
github.com/micro/mu/mucl/service.go:7.2,7.34 1 0
github.com/micro/mu/mucl/service.go:7.34,8.26 1 0
github.com/micro/mu/mucl/service.go:8.26,10.4 1 0
github.com/micro/mu/mucl/service.go:12.2,12.11 1 0
github.com/micro/mu/mucl/service.go:15.37,16.14 1 0
github.com/micro/mu/mucl/service.go:16.14,18.3 1 0
github.com/micro/mu/mucl/service.go:19.2,19.34 1 0
github.com/micro/mu/mucl/service.go:19.34,20.28 1 0
github.com/micro/mu/mucl/service.go:20.28,22.4 1 0
github.com/micro/mu/mucl/service.go:24.2,24.11 1 0
github.com/micro/mu/mucl/service.go:27.38,28.14 1 0
github.com/micro/mu/mucl/service.go:28.14,30.3 1 0
github.com/micro/mu/mucl/service.go:31.2,31.34 1 0
github.com/micro/mu/mucl/service.go:31.34,32.29 1 0
github.com/micro/mu/mucl/service.go:32.29,34.4 1 0
github.com/micro/mu/mucl/service.go:36.2,36.11 1 0
github.com/micro/mu/mucl/service.go:39.37,40.14 1 0
github.com/micro/mu/mucl/service.go:40.14,42.3 1 0
github.com/micro/mu/mucl/service.go:43.2,43.34 1 0
github.com/micro/mu/mucl/service.go:43.34,44.28 1 0
github.com/micro/mu/mucl/service.go:44.28,46.4 1 0
github.com/micro/mu/mucl/service.go:48.2,48.11 1 0
github.com/micro/mu/mucl/service.go:51.35,52.14 1 0
github.com/micro/mu/mucl/service.go:52.14,54.3 1 0
github.com/micro/mu/mucl/service.go:55.2,55.34 1 0
github.com/micro/mu/mucl/service.go:55.34,56.26 1 0
github.com/micro/mu/mucl/service.go:56.26,58.4 1 0
github.com/micro/mu/mucl/service.go:60.2,60.11 1 0
github.com/micro/mu/mucl/type.go:3.32,4.14 1 0
github.com/micro/mu/mucl/type.go:4.14,6.3 1 0
github.com/micro/mu/mucl/type.go:7.2,7.18 1 0
github.com/micro/mu/mucl/type.go:7.18,9.3 1 0
github.com/micro/mu/mucl/type.go:10.2,10.23 1 0
github.com/micro/mu/mucl/type.go:10.23,12.3 1 0
github.com/micro/mu/mucl/type.go:14.2,14.11 1 0
github.com/micro/mu/templates/templates.go:4.28,11.2 1 0
github.com/micro/mu/templates/templates.go:13.28,22.2 1 0
github.com/micro/mu/templates/templates.go:24.29,34.2 1 0
github.com/micro/mu/templates/templates.go:36.31,43.2 1 0
github.com/micro/mu/templates/templates.go:45.31,72.2 1 0
github.com/micro/mu/templates/templates.go:74.38,88.2 1 0
github.com/micro/mu/templates/templates.go:90.37,127.2 1 0
